{"/home/yazan/cube-backend/src/server.js": {"path":"/home/yazan/cube-backend/src/server.js","statementMap":{"0":{"start":{"line":3,"column":16},"end":{"line":3,"column":34}},"1":{"start":{"line":4,"column":0},"end":{"line":4,"column":27}},"2":{"start":{"line":5,"column":12},"end":{"line":5,"column":21}},"3":{"start":{"line":6,"column":0},"end":{"line":6,"column":24}},"4":{"start":{"line":7,"column":22},"end":{"line":7,"column":55}},"5":{"start":{"line":8,"column":19},"end":{"line":8,"column":49}},"6":{"start":{"line":9,"column":13},"end":{"line":9,"column":28}},"7":{"start":{"line":10,"column":15},"end":{"line":10,"column":37}},"8":{"start":{"line":11,"column":11},"end":{"line":11,"column":39}},"9":{"start":{"line":12,"column":0},"end":{"line":12,"column":34}},"10":{"start":{"line":13,"column":0},"end":{"line":13,"column":20}},"11":{"start":{"line":19,"column":13},"end":{"line":19,"column":28}},"12":{"start":{"line":21,"column":22},"end":{"line":21,"column":49}},"13":{"start":{"line":27,"column":4},"end":{"line":27,"column":28}},"14":{"start":{"line":29,"column":14},"end":{"line":29,"column":38}},"15":{"start":{"line":32,"column":15},"end":{"line":32,"column":26}},"16":{"start":{"line":36,"column":0},"end":{"line":36,"column":58}},"17":{"start":{"line":39,"column":16},"end":{"line":39,"column":26}},"18":{"start":{"line":42,"column":21},"end":{"line":42,"column":52}},"19":{"start":{"line":43,"column":17},"end":{"line":43,"column":48}},"20":{"start":{"line":45,"column":0},"end":{"line":45,"column":48}},"21":{"start":{"line":49,"column":0},"end":{"line":119,"column":3}},"22":{"start":{"line":50,"column":2},"end":{"line":50,"column":35}},"23":{"start":{"line":51,"column":2},"end":{"line":86,"column":5}},"24":{"start":{"line":55,"column":17},"end":{"line":55,"column":52}},"25":{"start":{"line":56,"column":4},"end":{"line":56,"column":27}},"26":{"start":{"line":58,"column":4},"end":{"line":58,"column":78}},"27":{"start":{"line":77,"column":4},"end":{"line":79,"column":6}},"28":{"start":{"line":82,"column":4},"end":{"line":85,"column":7}},"29":{"start":{"line":89,"column":2},"end":{"line":100,"column":5}},"30":{"start":{"line":90,"column":17},"end":{"line":90,"column":42}},"31":{"start":{"line":92,"column":4},"end":{"line":92,"column":72}},"32":{"start":{"line":94,"column":4},"end":{"line":97,"column":7}},"33":{"start":{"line":99,"column":4},"end":{"line":99,"column":39}},"34":{"start":{"line":103,"column":2},"end":{"line":118,"column":5}},"35":{"start":{"line":104,"column":17},"end":{"line":104,"column":37}},"36":{"start":{"line":106,"column":4},"end":{"line":117,"column":5}},"37":{"start":{"line":107,"column":6},"end":{"line":110,"column":8}},"38":{"start":{"line":113,"column":6},"end":{"line":116,"column":9}},"39":{"start":{"line":123,"column":0},"end":{"line":125,"column":3}},"40":{"start":{"line":124,"column":2},"end":{"line":124,"column":44}},"41":{"start":{"line":127,"column":0},"end":{"line":127,"column":23}},"42":{"start":{"line":128,"column":0},"end":{"line":128,"column":22}},"43":{"start":{"line":132,"column":12},"end":{"line":134,"column":1}},"44":{"start":{"line":133,"column":2},"end":{"line":133,"column":71}},"45":{"start":{"line":133,"column":25},"end":{"line":133,"column":69}},"46":{"start":{"line":136,"column":0},"end":{"line":139,"column":2}}},"fnMap":{"0":{"name":"(anonymous_0)","decl":{"start":{"line":49,"column":20},"end":{"line":49,"column":21}},"loc":{"start":{"line":49,"column":30},"end":{"line":119,"column":1}},"line":49},"1":{"name":"(anonymous_1)","decl":{"start":{"line":51,"column":24},"end":{"line":51,"column":25}},"loc":{"start":{"line":54,"column":8},"end":{"line":86,"column":3}},"line":54},"2":{"name":"(anonymous_2)","decl":{"start":{"line":89,"column":27},"end":{"line":89,"column":28}},"loc":{"start":{"line":89,"column":34},"end":{"line":100,"column":3}},"line":89},"3":{"name":"(anonymous_3)","decl":{"start":{"line":103,"column":26},"end":{"line":103,"column":27}},"loc":{"start":{"line":103,"column":32},"end":{"line":118,"column":3}},"line":103},"4":{"name":"(anonymous_4)","decl":{"start":{"line":123,"column":16},"end":{"line":123,"column":17}},"loc":{"start":{"line":123,"column":27},"end":{"line":125,"column":1}},"line":123},"5":{"name":"(anonymous_5)","decl":{"start":{"line":132,"column":12},"end":{"line":132,"column":13}},"loc":{"start":{"line":132,"column":20},"end":{"line":134,"column":1}},"line":132},"6":{"name":"(anonymous_6)","decl":{"start":{"line":133,"column":21},"end":{"line":133,"column":22}},"loc":{"start":{"line":133,"column":25},"end":{"line":133,"column":69}},"line":133}},"branchMap":{"0":{"loc":{"start":{"line":106,"column":4},"end":{"line":117,"column":5}},"type":"if","locations":[{"start":{"line":106,"column":4},"end":{"line":117,"column":5}},{"start":{"line":106,"column":4},"end":{"line":117,"column":5}}],"line":106}},"s":{"0":2,"1":2,"2":2,"3":2,"4":2,"5":2,"6":2,"7":2,"8":2,"9":2,"10":2,"11":2,"12":2,"13":2,"14":2,"15":2,"16":2,"17":2,"18":2,"19":2,"20":2,"21":2,"22":0,"23":0,"24":0,"25":0,"26":0,"27":0,"28":0,"29":0,"30":0,"31":0,"32":0,"33":0,"34":0,"35":0,"36":0,"37":0,"38":0,"39":2,"40":1,"41":2,"42":2,"43":2,"44":0,"45":0,"46":2},"f":{"0":0,"1":0,"2":0,"3":0,"4":1,"5":0,"6":0},"b":{"0":[0,0]},"_coverageSchema":"1a1c01bbd47fc00a2c39e90264f33305004495a9","hash":"013c5e8f2f6180137d165d1bbfb39de24cc44467"}
,"/home/yazan/cube-backend/src/auth/middleware/acl.middle.js": {"path":"/home/yazan/cube-backend/src/auth/middleware/acl.middle.js","statementMap":{"0":{"start":{"line":3,"column":0},"end":{"line":20,"column":2}},"1":{"start":{"line":5,"column":2},"end":{"line":18,"column":4}},"2":{"start":{"line":7,"column":4},"end":{"line":16,"column":5}},"3":{"start":{"line":8,"column":6},"end":{"line":13,"column":7}},"4":{"start":{"line":9,"column":8},"end":{"line":9,"column":15}},"5":{"start":{"line":12,"column":8},"end":{"line":12,"column":30}},"6":{"start":{"line":15,"column":6},"end":{"line":15,"column":28}}},"fnMap":{"0":{"name":"(anonymous_0)","decl":{"start":{"line":3,"column":17},"end":{"line":3,"column":18}},"loc":{"start":{"line":3,"column":33},"end":{"line":20,"column":1}},"line":3},"1":{"name":"(anonymous_1)","decl":{"start":{"line":5,"column":9},"end":{"line":5,"column":10}},"loc":{"start":{"line":5,"column":29},"end":{"line":18,"column":3}},"line":5}},"branchMap":{"0":{"loc":{"start":{"line":8,"column":6},"end":{"line":13,"column":7}},"type":"if","locations":[{"start":{"line":8,"column":6},"end":{"line":13,"column":7}},{"start":{"line":8,"column":6},"end":{"line":13,"column":7}}],"line":8}},"s":{"0":2,"1":10,"2":4,"3":4,"4":0,"5":4,"6":0},"f":{"0":10,"1":4},"b":{"0":[0,4]},"_coverageSchema":"1a1c01bbd47fc00a2c39e90264f33305004495a9","hash":"82e0ff60024fbc10bd26714813234bfbfc69302c"}
,"/home/yazan/cube-backend/src/auth/middleware/basic.middle.js": {"path":"/home/yazan/cube-backend/src/auth/middleware/basic.middle.js","statementMap":{"0":{"start":{"line":3,"column":15},"end":{"line":3,"column":33}},"1":{"start":{"line":4,"column":18},"end":{"line":4,"column":38}},"2":{"start":{"line":6,"column":0},"end":{"line":24,"column":2}},"3":{"start":{"line":8,"column":2},"end":{"line":8,"column":58}},"4":{"start":{"line":8,"column":36},"end":{"line":8,"column":56}},"5":{"start":{"line":10,"column":14},"end":{"line":10,"column":56}},"6":{"start":{"line":11,"column":21},"end":{"line":11,"column":52}},"7":{"start":{"line":13,"column":2},"end":{"line":18,"column":3}},"8":{"start":{"line":14,"column":4},"end":{"line":14,"column":57}},"9":{"start":{"line":15,"column":4},"end":{"line":15,"column":11}},"10":{"start":{"line":17,"column":4},"end":{"line":17,"column":17}},"11":{"start":{"line":21,"column":4},"end":{"line":21,"column":42}}},"fnMap":{"0":{"name":"(anonymous_0)","decl":{"start":{"line":6,"column":17},"end":{"line":6,"column":18}},"loc":{"start":{"line":6,"column":43},"end":{"line":24,"column":1}},"line":6},"1":{"name":"_authError","decl":{"start":{"line":20,"column":11},"end":{"line":20,"column":21}},"loc":{"start":{"line":20,"column":24},"end":{"line":22,"column":3}},"line":20}},"branchMap":{"0":{"loc":{"start":{"line":8,"column":2},"end":{"line":8,"column":58}},"type":"if","locations":[{"start":{"line":8,"column":2},"end":{"line":8,"column":58}},{"start":{"line":8,"column":2},"end":{"line":8,"column":58}}],"line":8}},"s":{"0":2,"1":2,"2":2,"3":7,"4":0,"5":7,"6":7,"7":7,"8":7,"9":6,"10":1,"11":1},"f":{"0":7,"1":1},"b":{"0":[0,7]},"_coverageSchema":"1a1c01bbd47fc00a2c39e90264f33305004495a9","hash":"d7911ce5dfc8f8db447c6e4f71ca6f2f860edad8"}
,"/home/yazan/cube-backend/src/auth/middleware/bearer.middle.js": {"path":"/home/yazan/cube-backend/src/auth/middleware/bearer.middle.js","statementMap":{"0":{"start":{"line":3,"column":18},"end":{"line":3,"column":38}},"1":{"start":{"line":4,"column":15},"end":{"line":4,"column":33}},"2":{"start":{"line":5,"column":0},"end":{"line":33,"column":1}},"3":{"start":{"line":7,"column":2},"end":{"line":28,"column":3}},"4":{"start":{"line":9,"column":4},"end":{"line":9,"column":52}},"5":{"start":{"line":9,"column":38},"end":{"line":9,"column":50}},"6":{"start":{"line":11,"column":18},"end":{"line":11,"column":60}},"7":{"start":{"line":12,"column":22},"end":{"line":12,"column":58}},"8":{"start":{"line":13,"column":4},"end":{"line":13,"column":25}},"9":{"start":{"line":14,"column":4},"end":{"line":14,"column":32}},"10":{"start":{"line":15,"column":4},"end":{"line":15,"column":40}},"11":{"start":{"line":16,"column":4},"end":{"line":16,"column":24}},"12":{"start":{"line":17,"column":4},"end":{"line":17,"column":37}},"13":{"start":{"line":18,"column":4},"end":{"line":18,"column":35}},"14":{"start":{"line":19,"column":4},"end":{"line":19,"column":33}},"15":{"start":{"line":20,"column":4},"end":{"line":20,"column":48}},"16":{"start":{"line":21,"column":4},"end":{"line":21,"column":48}},"17":{"start":{"line":22,"column":4},"end":{"line":22,"column":37}},"18":{"start":{"line":24,"column":4},"end":{"line":24,"column":11}},"19":{"start":{"line":27,"column":4},"end":{"line":27,"column":17}},"20":{"start":{"line":31,"column":4},"end":{"line":31,"column":26}}},"fnMap":{"0":{"name":"(anonymous_0)","decl":{"start":{"line":5,"column":17},"end":{"line":5,"column":18}},"loc":{"start":{"line":5,"column":43},"end":{"line":33,"column":1}},"line":5},"1":{"name":"_authError","decl":{"start":{"line":30,"column":11},"end":{"line":30,"column":21}},"loc":{"start":{"line":30,"column":24},"end":{"line":32,"column":3}},"line":30}},"branchMap":{"0":{"loc":{"start":{"line":9,"column":4},"end":{"line":9,"column":52}},"type":"if","locations":[{"start":{"line":9,"column":4},"end":{"line":9,"column":52}},{"start":{"line":9,"column":4},"end":{"line":9,"column":52}}],"line":9}},"s":{"0":2,"1":2,"2":2,"3":8,"4":8,"5":4,"6":8,"7":4,"8":4,"9":4,"10":4,"11":4,"12":4,"13":4,"14":4,"15":4,"16":4,"17":4,"18":4,"19":4,"20":8},"f":{"0":8,"1":8},"b":{"0":[4,4]},"_coverageSchema":"1a1c01bbd47fc00a2c39e90264f33305004495a9","hash":"6fea1b7094f87937a74b4d7cbab441224513f93d"}
,"/home/yazan/cube-backend/src/auth/models/architect.model.js": {"path":"/home/yazan/cube-backend/src/auth/models/architect.model.js","statementMap":{"0":{"start":{"line":3,"column":23},"end":{"line":8,"column":2}},"1":{"start":{"line":3,"column":49},"end":{"line":8,"column":2}},"2":{"start":{"line":10,"column":0},"end":{"line":10,"column":32}}},"fnMap":{"0":{"name":"(anonymous_0)","decl":{"start":{"line":3,"column":23},"end":{"line":3,"column":24}},"loc":{"start":{"line":3,"column":49},"end":{"line":8,"column":2}},"line":3}},"branchMap":{},"s":{"0":2,"1":2,"2":2},"f":{"0":2},"b":{},"_coverageSchema":"1a1c01bbd47fc00a2c39e90264f33305004495a9","hash":"6d98f25432fd11b6a498431b47c6fd49b297c5ef"}
,"/home/yazan/cube-backend/src/auth/models/civil.model.js": {"path":"/home/yazan/cube-backend/src/auth/models/civil.model.js","statementMap":{"0":{"start":{"line":3,"column":19},"end":{"line":8,"column":2}},"1":{"start":{"line":3,"column":45},"end":{"line":8,"column":2}},"2":{"start":{"line":10,"column":0},"end":{"line":10,"column":28}}},"fnMap":{"0":{"name":"(anonymous_0)","decl":{"start":{"line":3,"column":19},"end":{"line":3,"column":20}},"loc":{"start":{"line":3,"column":45},"end":{"line":8,"column":2}},"line":3}},"branchMap":{},"s":{"0":2,"1":2,"2":2},"f":{"0":2},"b":{},"_coverageSchema":"1a1c01bbd47fc00a2c39e90264f33305004495a9","hash":"f8e22ca8ae5bcf597f813d80a4bc9ee024e8cca2"}
,"/home/yazan/cube-backend/src/auth/models/data-collection.js": {"path":"/home/yazan/cube-backend/src/auth/models/data-collection.js","statementMap":{"0":{"start":{"line":6,"column":4},"end":{"line":6,"column":23}},"1":{"start":{"line":11,"column":4},"end":{"line":15,"column":5}},"2":{"start":{"line":12,"column":6},"end":{"line":12,"column":42}},"3":{"start":{"line":14,"column":6},"end":{"line":14,"column":82}},"4":{"start":{"line":19,"column":4},"end":{"line":31,"column":5}},"5":{"start":{"line":20,"column":20},"end":{"line":20,"column":24}},"6":{"start":{"line":21,"column":6},"end":{"line":27,"column":7}},"7":{"start":{"line":23,"column":8},"end":{"line":23,"column":63}},"8":{"start":{"line":26,"column":8},"end":{"line":26,"column":45}},"9":{"start":{"line":28,"column":6},"end":{"line":28,"column":21}},"10":{"start":{"line":30,"column":6},"end":{"line":30,"column":90}},"11":{"start":{"line":36,"column":4},"end":{"line":42,"column":5}},"12":{"start":{"line":37,"column":23},"end":{"line":37,"column":62}},"13":{"start":{"line":38,"column":20},"end":{"line":38,"column":48}},"14":{"start":{"line":39,"column":6},"end":{"line":39,"column":21}},"15":{"start":{"line":41,"column":6},"end":{"line":41,"column":91}},"16":{"start":{"line":48,"column":4},"end":{"line":48,"column":84}},"17":{"start":{"line":48,"column":13},"end":{"line":48,"column":84}},"18":{"start":{"line":50,"column":4},"end":{"line":55,"column":5}},"19":{"start":{"line":51,"column":20},"end":{"line":51,"column":59}},"20":{"start":{"line":52,"column":6},"end":{"line":52,"column":21}},"21":{"start":{"line":54,"column":6},"end":{"line":54,"column":91}},"22":{"start":{"line":59,"column":0},"end":{"line":59,"column":28}}},"fnMap":{"0":{"name":"(anonymous_0)","decl":{"start":{"line":5,"column":2},"end":{"line":5,"column":3}},"loc":{"start":{"line":5,"column":21},"end":{"line":7,"column":3}},"line":5},"1":{"name":"(anonymous_1)","decl":{"start":{"line":9,"column":2},"end":{"line":9,"column":3}},"loc":{"start":{"line":9,"column":20},"end":{"line":16,"column":3}},"line":9},"2":{"name":"(anonymous_2)","decl":{"start":{"line":18,"column":2},"end":{"line":18,"column":3}},"loc":{"start":{"line":18,"column":17},"end":{"line":33,"column":3}},"line":18},"3":{"name":"(anonymous_3)","decl":{"start":{"line":35,"column":2},"end":{"line":35,"column":3}},"loc":{"start":{"line":35,"column":24},"end":{"line":44,"column":3}},"line":35},"4":{"name":"(anonymous_4)","decl":{"start":{"line":46,"column":2},"end":{"line":46,"column":3}},"loc":{"start":{"line":46,"column":19},"end":{"line":56,"column":3}},"line":46}},"branchMap":{"0":{"loc":{"start":{"line":21,"column":6},"end":{"line":27,"column":7}},"type":"if","locations":[{"start":{"line":21,"column":6},"end":{"line":27,"column":7}},{"start":{"line":21,"column":6},"end":{"line":27,"column":7}}],"line":21},"1":{"loc":{"start":{"line":48,"column":4},"end":{"line":48,"column":84}},"type":"if","locations":[{"start":{"line":48,"column":4},"end":{"line":48,"column":84}},{"start":{"line":48,"column":4},"end":{"line":48,"column":84}}],"line":48}},"s":{"0":8,"1":0,"2":0,"3":0,"4":2,"5":2,"6":2,"7":0,"8":2,"9":2,"10":0,"11":0,"12":0,"13":0,"14":0,"15":0,"16":0,"17":0,"18":0,"19":0,"20":0,"21":0,"22":2},"f":{"0":8,"1":0,"2":2,"3":0,"4":0},"b":{"0":[0,2],"1":[0,0]},"_coverageSchema":"1a1c01bbd47fc00a2c39e90264f33305004495a9","hash":"431192e83235093d7f6de6f9bea96301030b7e8c"}
,"/home/yazan/cube-backend/src/auth/models/electric.model.js": {"path":"/home/yazan/cube-backend/src/auth/models/electric.model.js","statementMap":{"0":{"start":{"line":3,"column":22},"end":{"line":8,"column":2}},"1":{"start":{"line":3,"column":48},"end":{"line":8,"column":2}},"2":{"start":{"line":10,"column":0},"end":{"line":10,"column":31}}},"fnMap":{"0":{"name":"(anonymous_0)","decl":{"start":{"line":3,"column":22},"end":{"line":3,"column":23}},"loc":{"start":{"line":3,"column":48},"end":{"line":8,"column":2}},"line":3}},"branchMap":{},"s":{"0":2,"1":2,"2":2},"f":{"0":2},"b":{},"_coverageSchema":"1a1c01bbd47fc00a2c39e90264f33305004495a9","hash":"9a372aac034f2928f7644b55d4e24683d38f7d19"}
,"/home/yazan/cube-backend/src/auth/models/index.js": {"path":"/home/yazan/cube-backend/src/auth/models/index.js","statementMap":{"0":{"start":{"line":3,"column":0},"end":{"line":3,"column":27}},"1":{"start":{"line":4,"column":33},"end":{"line":4,"column":53}},"2":{"start":{"line":6,"column":21},"end":{"line":6,"column":85}},"3":{"start":{"line":8,"column":16},"end":{"line":8,"column":43}},"4":{"start":{"line":10,"column":22},"end":{"line":10,"column":49}},"5":{"start":{"line":11,"column":22},"end":{"line":11,"column":49}},"6":{"start":{"line":12,"column":23},"end":{"line":12,"column":51}},"7":{"start":{"line":13,"column":19},"end":{"line":13,"column":43}},"8":{"start":{"line":14,"column":19},"end":{"line":14,"column":47}},"9":{"start":{"line":16,"column":17},"end":{"line":16,"column":52}},"10":{"start":{"line":17,"column":17},"end":{"line":17,"column":52}},"11":{"start":{"line":18,"column":18},"end":{"line":18,"column":54}},"12":{"start":{"line":19,"column":14},"end":{"line":19,"column":46}},"13":{"start":{"line":23,"column":18},"end":{"line":23,"column":36}},"14":{"start":{"line":26,"column":0},"end":{"line":33,"column":2}}},"fnMap":{},"branchMap":{"0":{"loc":{"start":{"line":6,"column":21},"end":{"line":6,"column":85}},"type":"binary-expr","locations":[{"start":{"line":6,"column":21},"end":{"line":6,"column":45}},{"start":{"line":6,"column":49},"end":{"line":6,"column":85}}],"line":6}},"s":{"0":2,"1":2,"2":2,"3":2,"4":2,"5":2,"6":2,"7":2,"8":2,"9":2,"10":2,"11":2,"12":2,"13":2,"14":2},"f":{},"b":{"0":[2,2]},"_coverageSchema":"1a1c01bbd47fc00a2c39e90264f33305004495a9","hash":"c6be95269a6ad77438cb3d74a86f55da28cbd99e"}
,"/home/yazan/cube-backend/src/auth/models/mechanic.model.js": {"path":"/home/yazan/cube-backend/src/auth/models/mechanic.model.js","statementMap":{"0":{"start":{"line":3,"column":22},"end":{"line":8,"column":2}},"1":{"start":{"line":3,"column":48},"end":{"line":8,"column":2}},"2":{"start":{"line":10,"column":0},"end":{"line":10,"column":31}}},"fnMap":{"0":{"name":"(anonymous_0)","decl":{"start":{"line":3,"column":22},"end":{"line":3,"column":23}},"loc":{"start":{"line":3,"column":48},"end":{"line":8,"column":2}},"line":3}},"branchMap":{},"s":{"0":2,"1":2,"2":2},"f":{"0":2},"b":{},"_coverageSchema":"1a1c01bbd47fc00a2c39e90264f33305004495a9","hash":"a0de0a05470b30d7a87b516cbc5f3cf227109a2b"}
,"/home/yazan/cube-backend/src/auth/models/users.js": {"path":"/home/yazan/cube-backend/src/auth/models/users.js","statementMap":{"0":{"start":{"line":3,"column":15},"end":{"line":3,"column":32}},"1":{"start":{"line":4,"column":12},"end":{"line":4,"column":35}},"2":{"start":{"line":6,"column":15},"end":{"line":6,"column":51}},"3":{"start":{"line":8,"column":18},"end":{"line":60,"column":1}},"4":{"start":{"line":9,"column":16},"end":{"line":34,"column":4}},"5":{"start":{"line":16,"column":8},"end":{"line":16,"column":61}},"6":{"start":{"line":19,"column":20},"end":{"line":19,"column":46}},"7":{"start":{"line":20,"column":8},"end":{"line":20,"column":21}},"8":{"start":{"line":26,"column":20},"end":{"line":30,"column":9}},"9":{"start":{"line":31,"column":8},"end":{"line":31,"column":30}},"10":{"start":{"line":36,"column":2},"end":{"line":39,"column":5}},"11":{"start":{"line":37,"column":21},"end":{"line":37,"column":57}},"12":{"start":{"line":38,"column":4},"end":{"line":38,"column":31}},"13":{"start":{"line":41,"column":2},"end":{"line":46,"column":4}},"14":{"start":{"line":42,"column":17},"end":{"line":42,"column":60}},"15":{"start":{"line":43,"column":18},"end":{"line":43,"column":63}},"16":{"start":{"line":44,"column":4},"end":{"line":44,"column":31}},"17":{"start":{"line":44,"column":17},"end":{"line":44,"column":29}},"18":{"start":{"line":45,"column":4},"end":{"line":45,"column":36}},"19":{"start":{"line":48,"column":2},"end":{"line":57,"column":4}},"20":{"start":{"line":49,"column":4},"end":{"line":56,"column":5}},"21":{"start":{"line":50,"column":26},"end":{"line":50,"column":51}},"22":{"start":{"line":51,"column":19},"end":{"line":51,"column":77}},"23":{"start":{"line":52,"column":6},"end":{"line":52,"column":32}},"24":{"start":{"line":52,"column":18},"end":{"line":52,"column":30}},"25":{"start":{"line":53,"column":6},"end":{"line":53,"column":40}},"26":{"start":{"line":55,"column":6},"end":{"line":55,"column":33}},"27":{"start":{"line":59,"column":2},"end":{"line":59,"column":15}},"28":{"start":{"line":62,"column":0},"end":{"line":62,"column":28}}},"fnMap":{"0":{"name":"(anonymous_0)","decl":{"start":{"line":8,"column":18},"end":{"line":8,"column":19}},"loc":{"start":{"line":8,"column":44},"end":{"line":60,"column":1}},"line":8},"1":{"name":"(anonymous_1)","decl":{"start":{"line":15,"column":6},"end":{"line":15,"column":7}},"loc":{"start":{"line":15,"column":12},"end":{"line":17,"column":7}},"line":15},"2":{"name":"(anonymous_2)","decl":{"start":{"line":18,"column":6},"end":{"line":18,"column":7}},"loc":{"start":{"line":18,"column":20},"end":{"line":21,"column":7}},"line":18},"3":{"name":"(anonymous_3)","decl":{"start":{"line":25,"column":6},"end":{"line":25,"column":7}},"loc":{"start":{"line":25,"column":12},"end":{"line":32,"column":7}},"line":25},"4":{"name":"(anonymous_4)","decl":{"start":{"line":36,"column":21},"end":{"line":36,"column":22}},"loc":{"start":{"line":36,"column":37},"end":{"line":39,"column":3}},"line":36},"5":{"name":"(anonymous_5)","decl":{"start":{"line":41,"column":28},"end":{"line":41,"column":29}},"loc":{"start":{"line":41,"column":64},"end":{"line":46,"column":3}},"line":41},"6":{"name":"(anonymous_6)","decl":{"start":{"line":48,"column":28},"end":{"line":48,"column":29}},"loc":{"start":{"line":48,"column":51},"end":{"line":57,"column":3}},"line":48}},"branchMap":{"0":{"loc":{"start":{"line":6,"column":15},"end":{"line":6,"column":51}},"type":"binary-expr","locations":[{"start":{"line":6,"column":15},"end":{"line":6,"column":33}},{"start":{"line":6,"column":37},"end":{"line":6,"column":51}}],"line":6},"1":{"loc":{"start":{"line":44,"column":4},"end":{"line":44,"column":31}},"type":"if","locations":[{"start":{"line":44,"column":4},"end":{"line":44,"column":31}},{"start":{"line":44,"column":4},"end":{"line":44,"column":31}}],"line":44},"2":{"loc":{"start":{"line":52,"column":6},"end":{"line":52,"column":32}},"type":"if","locations":[{"start":{"line":52,"column":6},"end":{"line":52,"column":32}},{"start":{"line":52,"column":6},"end":{"line":52,"column":32}}],"line":52}},"s":{"0":2,"1":2,"2":2,"3":2,"4":2,"5":16,"6":0,"7":0,"8":10,"9":10,"10":2,"11":1,"12":1,"13":2,"14":7,"15":7,"16":6,"17":6,"18":0,"19":2,"20":4,"21":4,"22":4,"23":4,"24":4,"25":0,"26":0,"27":2,"28":2},"f":{"0":2,"1":16,"2":0,"3":10,"4":1,"5":7,"6":4},"b":{"0":[2,2],"1":[6,0],"2":[4,0]},"_coverageSchema":"1a1c01bbd47fc00a2c39e90264f33305004495a9","hash":"458ffd0d2e9514674572c7379dd37960317d378f"}
,"/home/yazan/cube-backend/src/error-handlers/404.js": {"path":"/home/yazan/cube-backend/src/error-handlers/404.js","statementMap":{"0":{"start":{"line":5,"column":22},"end":{"line":8,"column":3}},"1":{"start":{"line":10,"column":2},"end":{"line":10,"column":36}},"2":{"start":{"line":13,"column":0},"end":{"line":13,"column":27}}},"fnMap":{"0":{"name":"handle404","decl":{"start":{"line":3,"column":9},"end":{"line":3,"column":18}},"loc":{"start":{"line":3,"column":35},"end":{"line":11,"column":1}},"line":3}},"branchMap":{},"s":{"0":1,"1":1,"2":2},"f":{"0":1},"b":{},"_coverageSchema":"1a1c01bbd47fc00a2c39e90264f33305004495a9","hash":"4cc8ed9e58704f4d2e9eadcf6212765b298bb97b"}
,"/home/yazan/cube-backend/src/error-handlers/500.js": {"path":"/home/yazan/cube-backend/src/error-handlers/500.js","statementMap":{"0":{"start":{"line":2,"column":0},"end":{"line":12,"column":2}},"1":{"start":{"line":5,"column":16},"end":{"line":5,"column":47}},"2":{"start":{"line":7,"column":22},"end":{"line":10,"column":3}},"3":{"start":{"line":11,"column":2},"end":{"line":11,"column":36}}},"fnMap":{"0":{"name":"(anonymous_0)","decl":{"start":{"line":2,"column":17},"end":{"line":2,"column":18}},"loc":{"start":{"line":2,"column":48},"end":{"line":12,"column":1}},"line":2}},"branchMap":{"0":{"loc":{"start":{"line":5,"column":16},"end":{"line":5,"column":47}},"type":"cond-expr","locations":[{"start":{"line":5,"column":30},"end":{"line":5,"column":41}},{"start":{"line":5,"column":44},"end":{"line":5,"column":47}}],"line":5}},"s":{"0":2,"1":10,"2":10,"3":10},"f":{"0":10},"b":{"0":[0,10]},"_coverageSchema":"1a1c01bbd47fc00a2c39e90264f33305004495a9","hash":"8735427255a1b64f3020912ee281096e32c3e302"}
,"/home/yazan/cube-backend/src/routes/product.route.js": {"path":"/home/yazan/cube-backend/src/routes/product.route.js","statementMap":{"0":{"start":{"line":3,"column":16},"end":{"line":3,"column":34}},"1":{"start":{"line":4,"column":15},"end":{"line":4,"column":31}},"2":{"start":{"line":5,"column":20},"end":{"line":5,"column":51}},"3":{"start":{"line":6,"column":19},"end":{"line":6,"column":62}},"4":{"start":{"line":7,"column":20},"end":{"line":7,"column":60}},"5":{"start":{"line":9,"column":0},"end":{"line":17,"column":3}},"6":{"start":{"line":10,"column":20},"end":{"line":10,"column":36}},"7":{"start":{"line":11,"column":2},"end":{"line":16,"column":3}},"8":{"start":{"line":12,"column":4},"end":{"line":12,"column":39}},"9":{"start":{"line":13,"column":4},"end":{"line":13,"column":11}},"10":{"start":{"line":15,"column":4},"end":{"line":15,"column":26}},"11":{"start":{"line":20,"column":0},"end":{"line":20,"column":38}},"12":{"start":{"line":23,"column":0},"end":{"line":23,"column":74}},"13":{"start":{"line":24,"column":0},"end":{"line":24,"column":70}},"14":{"start":{"line":25,"column":0},"end":{"line":25,"column":74}},"15":{"start":{"line":26,"column":0},"end":{"line":26,"column":77}},"16":{"start":{"line":30,"column":17},"end":{"line":30,"column":39}},"17":{"start":{"line":31,"column":2},"end":{"line":31,"column":33}},"18":{"start":{"line":36,"column":2},"end":{"line":42,"column":3}},"19":{"start":{"line":37,"column":15},"end":{"line":37,"column":28}},"20":{"start":{"line":38,"column":18},"end":{"line":38,"column":42}},"21":{"start":{"line":39,"column":4},"end":{"line":39,"column":34}},"22":{"start":{"line":41,"column":4},"end":{"line":41,"column":32}},"23":{"start":{"line":46,"column":19},"end":{"line":46,"column":27}},"24":{"start":{"line":47,"column":17},"end":{"line":47,"column":51}},"25":{"start":{"line":48,"column":2},"end":{"line":48,"column":33}},"26":{"start":{"line":53,"column":9},"end":{"line":53,"column":22}},"27":{"start":{"line":54,"column":22},"end":{"line":54,"column":30}},"28":{"start":{"line":55,"column":17},"end":{"line":55,"column":57}},"29":{"start":{"line":56,"column":2},"end":{"line":56,"column":33}},"30":{"start":{"line":61,"column":9},"end":{"line":61,"column":22}},"31":{"start":{"line":62,"column":2},"end":{"line":62,"column":29}},"32":{"start":{"line":63,"column":2},"end":{"line":63,"column":49}},"33":{"start":{"line":69,"column":0},"end":{"line":69,"column":24}}},"fnMap":{"0":{"name":"(anonymous_0)","decl":{"start":{"line":9,"column":22},"end":{"line":9,"column":23}},"loc":{"start":{"line":9,"column":42},"end":{"line":17,"column":1}},"line":9},"1":{"name":"getAllProducts","decl":{"start":{"line":29,"column":15},"end":{"line":29,"column":29}},"loc":{"start":{"line":29,"column":40},"end":{"line":32,"column":1}},"line":29},"2":{"name":"getOneProducts","decl":{"start":{"line":35,"column":15},"end":{"line":35,"column":29}},"loc":{"start":{"line":35,"column":40},"end":{"line":43,"column":1}},"line":35},"3":{"name":"createProduct","decl":{"start":{"line":45,"column":15},"end":{"line":45,"column":28}},"loc":{"start":{"line":45,"column":39},"end":{"line":49,"column":1}},"line":45},"4":{"name":"updateProduct","decl":{"start":{"line":52,"column":15},"end":{"line":52,"column":28}},"loc":{"start":{"line":52,"column":39},"end":{"line":57,"column":1}},"line":52},"5":{"name":"deleteProduct","decl":{"start":{"line":60,"column":15},"end":{"line":60,"column":28}},"loc":{"start":{"line":60,"column":39},"end":{"line":64,"column":1}},"line":60}},"branchMap":{"0":{"loc":{"start":{"line":11,"column":2},"end":{"line":16,"column":3}},"type":"if","locations":[{"start":{"line":11,"column":2},"end":{"line":16,"column":3}},{"start":{"line":11,"column":2},"end":{"line":16,"column":3}}],"line":11}},"s":{"0":2,"1":2,"2":2,"3":2,"4":2,"5":2,"6":10,"7":10,"8":9,"9":9,"10":1,"11":2,"12":2,"13":2,"14":2,"15":2,"16":2,"17":2,"18":0,"19":0,"20":0,"21":0,"22":0,"23":0,"24":0,"25":0,"26":0,"27":0,"28":0,"29":0,"30":0,"31":0,"32":0,"33":2},"f":{"0":10,"1":2,"2":0,"3":0,"4":0,"5":0},"b":{"0":[9,1]},"_coverageSchema":"1a1c01bbd47fc00a2c39e90264f33305004495a9","hash":"41dfd5fdedb6c38ca8a0828a755cf039aef1a61e"}
,"/home/yazan/cube-backend/src/routes/user.route.js": {"path":"/home/yazan/cube-backend/src/routes/user.route.js","statementMap":{"0":{"start":{"line":3,"column":16},"end":{"line":3,"column":34}},"1":{"start":{"line":4,"column":15},"end":{"line":4,"column":33}},"2":{"start":{"line":5,"column":15},"end":{"line":5,"column":32}},"3":{"start":{"line":6,"column":15},"end":{"line":6,"column":31}},"4":{"start":{"line":7,"column":18},"end":{"line":7,"column":43}},"5":{"start":{"line":8,"column":18},"end":{"line":8,"column":60}},"6":{"start":{"line":9,"column":19},"end":{"line":9,"column":62}},"7":{"start":{"line":10,"column":20},"end":{"line":10,"column":60}},"8":{"start":{"line":12,"column":0},"end":{"line":24,"column":3}},"9":{"start":{"line":13,"column":2},"end":{"line":23,"column":3}},"10":{"start":{"line":14,"column":21},"end":{"line":14,"column":49}},"11":{"start":{"line":15,"column":4},"end":{"line":15,"column":52}},"12":{"start":{"line":16,"column":19},"end":{"line":19,"column":5}},"13":{"start":{"line":20,"column":4},"end":{"line":20,"column":33}},"14":{"start":{"line":22,"column":4},"end":{"line":22,"column":20}},"15":{"start":{"line":26,"column":0},"end":{"line":32,"column":3}},"16":{"start":{"line":27,"column":15},"end":{"line":30,"column":3}},"17":{"start":{"line":31,"column":2},"end":{"line":31,"column":29}},"18":{"start":{"line":35,"column":0},"end":{"line":39,"column":3}},"19":{"start":{"line":36,"column":22},"end":{"line":36,"column":45}},"20":{"start":{"line":37,"column":15},"end":{"line":37,"column":44}},"21":{"start":{"line":37,"column":39},"end":{"line":37,"column":43}},"22":{"start":{"line":38,"column":2},"end":{"line":38,"column":29}},"23":{"start":{"line":43,"column":0},"end":{"line":43,"column":24}}},"fnMap":{"0":{"name":"(anonymous_0)","decl":{"start":{"line":12,"column":23},"end":{"line":12,"column":24}},"loc":{"start":{"line":12,"column":49},"end":{"line":24,"column":1}},"line":12},"1":{"name":"(anonymous_1)","decl":{"start":{"line":26,"column":34},"end":{"line":26,"column":35}},"loc":{"start":{"line":26,"column":54},"end":{"line":32,"column":1}},"line":26},"2":{"name":"(anonymous_2)","decl":{"start":{"line":35,"column":56},"end":{"line":35,"column":57}},"loc":{"start":{"line":35,"column":82},"end":{"line":39,"column":1}},"line":35},"3":{"name":"(anonymous_3)","decl":{"start":{"line":37,"column":31},"end":{"line":37,"column":32}},"loc":{"start":{"line":37,"column":39},"end":{"line":37,"column":43}},"line":37}},"branchMap":{},"s":{"0":2,"1":2,"2":2,"3":2,"4":2,"5":2,"6":2,"7":2,"8":2,"9":1,"10":1,"11":0,"12":0,"13":0,"14":1,"15":2,"16":6,"17":6,"18":2,"19":0,"20":0,"21":0,"22":0,"23":2},"f":{"0":1,"1":6,"2":0,"3":0},"b":{},"_coverageSchema":"1a1c01bbd47fc00a2c39e90264f33305004495a9","hash":"ed61a9db363d67ef141108473bbe3eb362cddb71"}
,"/home/yazan/cube-backend/src/utils/Queue.js": {"path":"/home/yazan/cube-backend/src/utils/Queue.js","statementMap":{"0":{"start":{"line":3,"column":4},"end":{"line":3,"column":20}},"1":{"start":{"line":8,"column":4},"end":{"line":8,"column":29}},"2":{"start":{"line":13,"column":4},"end":{"line":14,"column":24}},"3":{"start":{"line":14,"column":6},"end":{"line":14,"column":24}},"4":{"start":{"line":16,"column":4},"end":{"line":16,"column":30}},"5":{"start":{"line":36,"column":4},"end":{"line":36,"column":34}},"6":{"start":{"line":40,"column":14},"end":{"line":40,"column":16}},"7":{"start":{"line":41,"column":4},"end":{"line":42,"column":66}},"8":{"start":{"line":41,"column":17},"end":{"line":41,"column":18}},"9":{"start":{"line":42,"column":6},"end":{"line":42,"column":66}},"10":{"start":{"line":43,"column":4},"end":{"line":43,"column":15}},"11":{"start":{"line":47,"column":0},"end":{"line":47,"column":23}}},"fnMap":{"0":{"name":"(anonymous_0)","decl":{"start":{"line":2,"column":2},"end":{"line":2,"column":3}},"loc":{"start":{"line":2,"column":16},"end":{"line":4,"column":3}},"line":2},"1":{"name":"(anonymous_1)","decl":{"start":{"line":7,"column":2},"end":{"line":7,"column":3}},"loc":{"start":{"line":7,"column":19},"end":{"line":9,"column":3}},"line":7},"2":{"name":"(anonymous_2)","decl":{"start":{"line":12,"column":2},"end":{"line":12,"column":3}},"loc":{"start":{"line":12,"column":12},"end":{"line":17,"column":3}},"line":12},"3":{"name":"(anonymous_3)","decl":{"start":{"line":35,"column":2},"end":{"line":35,"column":3}},"loc":{"start":{"line":35,"column":12},"end":{"line":37,"column":3}},"line":35},"4":{"name":"(anonymous_4)","decl":{"start":{"line":39,"column":2},"end":{"line":39,"column":3}},"loc":{"start":{"line":39,"column":15},"end":{"line":44,"column":3}},"line":39}},"branchMap":{"0":{"loc":{"start":{"line":13,"column":4},"end":{"line":14,"column":24}},"type":"if","locations":[{"start":{"line":13,"column":4},"end":{"line":14,"column":24}},{"start":{"line":13,"column":4},"end":{"line":14,"column":24}}],"line":13}},"s":{"0":2,"1":0,"2":0,"3":0,"4":0,"5":0,"6":0,"7":0,"8":0,"9":0,"10":0,"11":2},"f":{"0":2,"1":0,"2":0,"3":0,"4":0},"b":{"0":[0,0]},"_coverageSchema":"1a1c01bbd47fc00a2c39e90264f33305004495a9","hash":"dcc8a46f14e3635a4f2db98c10ff7cc6587e5833"}
,"/home/yazan/cube-backend/src/utils/messages.js": {"path":"/home/yazan/cube-backend/src/utils/messages.js","statementMap":{"0":{"start":{"line":3,"column":15},"end":{"line":3,"column":32}},"1":{"start":{"line":6,"column":2},"end":{"line":10,"column":4}},"2":{"start":{"line":13,"column":0},"end":{"line":13,"column":31}}},"fnMap":{"0":{"name":"formatMessage","decl":{"start":{"line":5,"column":9},"end":{"line":5,"column":22}},"loc":{"start":{"line":5,"column":39},"end":{"line":11,"column":1}},"line":5}},"branchMap":{},"s":{"0":2,"1":0,"2":2},"f":{"0":0},"b":{},"_coverageSchema":"1a1c01bbd47fc00a2c39e90264f33305004495a9","hash":"1b2377b4076a5db331df9467c8fecb533207947d"}
,"/home/yazan/cube-backend/src/utils/users.js": {"path":"/home/yazan/cube-backend/src/utils/users.js","statementMap":{"0":{"start":{"line":2,"column":14},"end":{"line":2,"column":16}},"1":{"start":{"line":6,"column":15},"end":{"line":6,"column":37}},"2":{"start":{"line":8,"column":2},"end":{"line":8,"column":19}},"3":{"start":{"line":10,"column":2},"end":{"line":10,"column":14}},"4":{"start":{"line":15,"column":2},"end":{"line":15,"column":44}},"5":{"start":{"line":15,"column":28},"end":{"line":15,"column":42}},"6":{"start":{"line":20,"column":16},"end":{"line":20,"column":55}},"7":{"start":{"line":20,"column":40},"end":{"line":20,"column":54}},"8":{"start":{"line":22,"column":2},"end":{"line":24,"column":3}},"9":{"start":{"line":23,"column":4},"end":{"line":23,"column":37}},"10":{"start":{"line":29,"column":2},"end":{"line":29,"column":50}},"11":{"start":{"line":29,"column":30},"end":{"line":29,"column":48}},"12":{"start":{"line":32,"column":0},"end":{"line":37,"column":2}}},"fnMap":{"0":{"name":"userJoin","decl":{"start":{"line":5,"column":9},"end":{"line":5,"column":17}},"loc":{"start":{"line":5,"column":38},"end":{"line":11,"column":1}},"line":5},"1":{"name":"getCurrentUser","decl":{"start":{"line":14,"column":9},"end":{"line":14,"column":23}},"loc":{"start":{"line":14,"column":28},"end":{"line":16,"column":1}},"line":14},"2":{"name":"(anonymous_2)","decl":{"start":{"line":15,"column":20},"end":{"line":15,"column":21}},"loc":{"start":{"line":15,"column":28},"end":{"line":15,"column":42}},"line":15},"3":{"name":"userLeave","decl":{"start":{"line":19,"column":9},"end":{"line":19,"column":18}},"loc":{"start":{"line":19,"column":23},"end":{"line":25,"column":1}},"line":19},"4":{"name":"(anonymous_4)","decl":{"start":{"line":20,"column":32},"end":{"line":20,"column":33}},"loc":{"start":{"line":20,"column":40},"end":{"line":20,"column":54}},"line":20},"5":{"name":"getRoomUsers","decl":{"start":{"line":28,"column":9},"end":{"line":28,"column":21}},"loc":{"start":{"line":28,"column":28},"end":{"line":30,"column":1}},"line":28},"6":{"name":"(anonymous_6)","decl":{"start":{"line":29,"column":22},"end":{"line":29,"column":23}},"loc":{"start":{"line":29,"column":30},"end":{"line":29,"column":48}},"line":29}},"branchMap":{"0":{"loc":{"start":{"line":22,"column":2},"end":{"line":24,"column":3}},"type":"if","locations":[{"start":{"line":22,"column":2},"end":{"line":24,"column":3}},{"start":{"line":22,"column":2},"end":{"line":24,"column":3}}],"line":22}},"s":{"0":2,"1":0,"2":0,"3":0,"4":0,"5":0,"6":0,"7":0,"8":0,"9":0,"10":0,"11":0,"12":2},"f":{"0":0,"1":0,"2":0,"3":0,"4":0,"5":0,"6":0},"b":{"0":[0,0]},"_coverageSchema":"1a1c01bbd47fc00a2c39e90264f33305004495a9","hash":"0089d31048d1bbc55533ba0f95d08139a45bd900"}
}
