TN:
SF:src/server.js
FN:49,(anonymous_0)
FN:51,(anonymous_1)
FN:89,(anonymous_2)
FN:103,(anonymous_3)
FN:123,(anonymous_4)
FN:132,(anonymous_5)
FN:133,(anonymous_6)
FNF:7
FNH:1
FNDA:0,(anonymous_0)
FNDA:0,(anonymous_1)
FNDA:0,(anonymous_2)
FNDA:0,(anonymous_3)
FNDA:1,(anonymous_4)
FNDA:0,(anonymous_5)
FNDA:0,(anonymous_6)
DA:3,2
DA:4,2
DA:5,2
DA:6,2
DA:7,2
DA:8,2
DA:9,2
DA:10,2
DA:11,2
DA:12,2
DA:13,2
DA:19,2
DA:21,2
DA:27,2
DA:29,2
DA:32,2
DA:36,2
DA:39,2
DA:42,2
DA:43,2
DA:45,2
DA:49,2
DA:50,0
DA:51,0
DA:55,0
DA:56,0
DA:58,0
DA:77,0
DA:82,0
DA:89,0
DA:90,0
DA:92,0
DA:94,0
DA:99,0
DA:103,0
DA:104,0
DA:106,0
DA:107,0
DA:113,0
DA:123,2
DA:124,1
DA:127,2
DA:128,2
DA:132,2
DA:133,0
DA:136,2
LF:46
LH:28
BRDA:106,0,0,0
BRDA:106,0,1,0
BRF:2
BRH:0
end_of_record
TN:
SF:src/auth/middleware/acl.middle.js
FN:3,(anonymous_0)
FN:5,(anonymous_1)
FNF:2
FNH:2
FNDA:10,(anonymous_0)
FNDA:4,(anonymous_1)
DA:3,2
DA:5,10
DA:7,4
DA:8,4
DA:9,0
DA:12,4
DA:15,0
LF:7
LH:5
BRDA:8,0,0,0
BRDA:8,0,1,4
BRF:2
BRH:1
end_of_record
TN:
SF:src/auth/middleware/basic.middle.js
FN:6,(anonymous_0)
FN:20,_authError
FNF:2
FNH:2
FNDA:7,(anonymous_0)
FNDA:1,_authError
DA:3,2
DA:4,2
DA:6,2
DA:8,7
DA:10,7
DA:11,7
DA:13,7
DA:14,7
DA:15,6
DA:17,1
DA:21,1
LF:11
LH:11
BRDA:8,0,0,0
BRDA:8,0,1,7
BRF:2
BRH:1
end_of_record
TN:
SF:src/auth/middleware/bearer.middle.js
FN:5,(anonymous_0)
FN:30,_authError
FNF:2
FNH:2
FNDA:8,(anonymous_0)
FNDA:8,_authError
DA:3,2
DA:4,2
DA:5,2
DA:7,8
DA:9,8
DA:11,8
DA:12,4
DA:13,4
DA:14,4
DA:15,4
DA:16,4
DA:17,4
DA:18,4
DA:19,4
DA:20,4
DA:21,4
DA:22,4
DA:24,4
DA:27,4
DA:31,8
LF:20
LH:20
BRDA:9,0,0,4
BRDA:9,0,1,4
BRF:2
BRH:2
end_of_record
TN:
SF:src/auth/models/architect.model.js
FN:3,(anonymous_0)
FNF:1
FNH:1
FNDA:2,(anonymous_0)
DA:3,2
DA:10,2
LF:2
LH:2
BRF:0
BRH:0
end_of_record
TN:
SF:src/auth/models/civil.model.js
FN:3,(anonymous_0)
FNF:1
FNH:1
FNDA:2,(anonymous_0)
DA:3,2
DA:10,2
LF:2
LH:2
BRF:0
BRH:0
end_of_record
TN:
SF:src/auth/models/data-collection.js
FN:5,(anonymous_0)
FN:9,(anonymous_1)
FN:18,(anonymous_2)
FN:35,(anonymous_3)
FN:46,(anonymous_4)
FNF:5
FNH:2
FNDA:8,(anonymous_0)
FNDA:0,(anonymous_1)
FNDA:2,(anonymous_2)
FNDA:0,(anonymous_3)
FNDA:0,(anonymous_4)
DA:6,8
DA:11,0
DA:12,0
DA:14,0
DA:19,2
DA:20,2
DA:21,2
DA:23,0
DA:26,2
DA:28,2
DA:30,0
DA:36,0
DA:37,0
DA:38,0
DA:39,0
DA:41,0
DA:48,0
DA:50,0
DA:51,0
DA:52,0
DA:54,0
DA:59,2
LF:22
LH:7
BRDA:21,0,0,0
BRDA:21,0,1,2
BRDA:48,1,0,0
BRDA:48,1,1,0
BRF:4
BRH:1
end_of_record
TN:
SF:src/auth/models/electric.model.js
FN:3,(anonymous_0)
FNF:1
FNH:1
FNDA:2,(anonymous_0)
DA:3,2
DA:10,2
LF:2
LH:2
BRF:0
BRH:0
end_of_record
TN:
SF:src/auth/models/index.js
FNF:0
FNH:0
DA:3,2
DA:4,2
DA:6,2
DA:8,2
DA:10,2
DA:11,2
DA:12,2
DA:13,2
DA:14,2
DA:16,2
DA:17,2
DA:18,2
DA:19,2
DA:23,2
DA:26,2
LF:15
LH:15
BRDA:6,0,0,2
BRDA:6,0,1,2
BRF:2
BRH:2
end_of_record
TN:
SF:src/auth/models/mechanic.model.js
FN:3,(anonymous_0)
FNF:1
FNH:1
FNDA:2,(anonymous_0)
DA:3,2
DA:10,2
LF:2
LH:2
BRF:0
BRH:0
end_of_record
TN:
SF:src/auth/models/users.js
FN:8,(anonymous_0)
FN:15,(anonymous_1)
FN:18,(anonymous_2)
FN:25,(anonymous_3)
FN:36,(anonymous_4)
FN:41,(anonymous_5)
FN:48,(anonymous_6)
FNF:7
FNH:6
FNDA:2,(anonymous_0)
FNDA:16,(anonymous_1)
FNDA:0,(anonymous_2)
FNDA:10,(anonymous_3)
FNDA:1,(anonymous_4)
FNDA:7,(anonymous_5)
FNDA:4,(anonymous_6)
DA:3,2
DA:4,2
DA:6,2
DA:8,2
DA:9,2
DA:16,16
DA:19,0
DA:20,0
DA:26,10
DA:31,10
DA:36,2
DA:37,1
DA:38,1
DA:41,2
DA:42,7
DA:43,7
DA:44,6
DA:45,0
DA:48,2
DA:49,4
DA:50,4
DA:51,4
DA:52,4
DA:53,0
DA:55,0
DA:59,2
DA:62,2
LF:27
LH:22
BRDA:6,0,0,2
BRDA:6,0,1,2
BRDA:44,1,0,6
BRDA:44,1,1,0
BRDA:52,2,0,4
BRDA:52,2,1,0
BRF:6
BRH:4
end_of_record
TN:
SF:src/error-handlers/404.js
FN:3,handle404
FNF:1
FNH:1
FNDA:1,handle404
DA:5,1
DA:10,1
DA:13,2
LF:3
LH:3
BRF:0
BRH:0
end_of_record
TN:
SF:src/error-handlers/500.js
FN:2,(anonymous_0)
FNF:1
FNH:1
FNDA:10,(anonymous_0)
DA:2,2
DA:5,10
DA:7,10
DA:11,10
LF:4
LH:4
BRDA:5,0,0,0
BRDA:5,0,1,10
BRF:2
BRH:1
end_of_record
TN:
SF:src/routes/product.route.js
FN:9,(anonymous_0)
FN:29,getAllProducts
FN:35,getOneProducts
FN:45,createProduct
FN:52,updateProduct
FN:60,deleteProduct
FNF:6
FNH:2
FNDA:10,(anonymous_0)
FNDA:2,getAllProducts
FNDA:0,getOneProducts
FNDA:0,createProduct
FNDA:0,updateProduct
FNDA:0,deleteProduct
DA:3,2
DA:4,2
DA:5,2
DA:6,2
DA:7,2
DA:9,2
DA:10,10
DA:11,10
DA:12,9
DA:13,9
DA:15,1
DA:20,2
DA:23,2
DA:24,2
DA:25,2
DA:26,2
DA:30,2
DA:31,2
DA:36,0
DA:37,0
DA:38,0
DA:39,0
DA:41,0
DA:46,0
DA:47,0
DA:48,0
DA:53,0
DA:54,0
DA:55,0
DA:56,0
DA:61,0
DA:62,0
DA:63,0
DA:69,2
LF:34
LH:19
BRDA:11,0,0,9
BRDA:11,0,1,1
BRF:2
BRH:2
end_of_record
TN:
SF:src/routes/user.route.js
FN:12,(anonymous_0)
FN:26,(anonymous_1)
FN:35,(anonymous_2)
FN:37,(anonymous_3)
FNF:4
FNH:2
FNDA:1,(anonymous_0)
FNDA:6,(anonymous_1)
FNDA:0,(anonymous_2)
FNDA:0,(anonymous_3)
DA:3,2
DA:4,2
DA:5,2
DA:6,2
DA:7,2
DA:8,2
DA:9,2
DA:10,2
DA:12,2
DA:13,1
DA:14,1
DA:15,0
DA:16,0
DA:20,0
DA:22,1
DA:26,2
DA:27,6
DA:31,6
DA:35,2
DA:36,0
DA:37,0
DA:38,0
DA:43,2
LF:23
LH:17
BRF:0
BRH:0
end_of_record
TN:
SF:src/utils/Queue.js
FN:2,(anonymous_0)
FN:7,(anonymous_1)
FN:12,(anonymous_2)
FN:35,(anonymous_3)
FN:39,(anonymous_4)
FNF:5
FNH:1
FNDA:2,(anonymous_0)
FNDA:0,(anonymous_1)
FNDA:0,(anonymous_2)
FNDA:0,(anonymous_3)
FNDA:0,(anonymous_4)
DA:3,2
DA:8,0
DA:13,0
DA:14,0
DA:16,0
DA:36,0
DA:40,0
DA:41,0
DA:42,0
DA:43,0
DA:47,2
LF:11
LH:2
BRDA:13,0,0,0
BRDA:13,0,1,0
BRF:2
BRH:0
end_of_record
TN:
SF:src/utils/messages.js
FN:5,formatMessage
FNF:1
FNH:0
FNDA:0,formatMessage
DA:3,2
DA:6,0
DA:13,2
LF:3
LH:2
BRF:0
BRH:0
end_of_record
TN:
SF:src/utils/users.js
FN:5,userJoin
FN:14,getCurrentUser
FN:15,(anonymous_2)
FN:19,userLeave
FN:20,(anonymous_4)
FN:28,getRoomUsers
FN:29,(anonymous_6)
FNF:7
FNH:0
FNDA:0,userJoin
FNDA:0,getCurrentUser
FNDA:0,(anonymous_2)
FNDA:0,userLeave
FNDA:0,(anonymous_4)
FNDA:0,getRoomUsers
FNDA:0,(anonymous_6)
DA:2,2
DA:6,0
DA:8,0
DA:10,0
DA:15,0
DA:20,0
DA:22,0
DA:23,0
DA:29,0
DA:32,2
LF:10
LH:2
BRDA:22,0,0,0
BRDA:22,0,1,0
BRF:2
BRH:0
end_of_record
